Performing C SOURCE FILE Test HAVE___DECLSPEC_DLLEXPORT_ failed with the following output:
Change Dir: /home/bubo/workspace/CR-index/libdivsufsort/build/CMakeFiles/CMakeTmp

Run Build Command:/usr/bin/make "cmTryCompileExec1796481645/fast"
make[1]: Entering directory `/home/bubo/workspace/CR-index/libdivsufsort/build/CMakeFiles/CMakeTmp'
/usr/bin/make -f CMakeFiles/cmTryCompileExec1796481645.dir/build.make CMakeFiles/cmTryCompileExec1796481645.dir/build
make[2]: Entering directory `/home/bubo/workspace/CR-index/libdivsufsort/build/CMakeFiles/CMakeTmp'
/usr/bin/cmake -E cmake_progress_report /home/bubo/workspace/CR-index/libdivsufsort/build/CMakeFiles/CMakeTmp/CMakeFiles 1
Building C object CMakeFiles/cmTryCompileExec1796481645.dir/src.c.o
/usr/bin/cc   -Wall -DHAVE___DECLSPEC_DLLEXPORT_   -o CMakeFiles/cmTryCompileExec1796481645.dir/src.c.o   -c /home/bubo/workspace/CR-index/libdivsufsort/build/CMakeFiles/CMakeTmp/src.c
/home/bubo/workspace/CR-index/libdivsufsort/build/CMakeFiles/CMakeTmp/src.c:1:1: warning: return type defaults to ‘int’ [-Wreturn-type]
 __declspec(dllexport) void func(); void func() { } int main() { func(); return 0; }
 ^
/home/bubo/workspace/CR-index/libdivsufsort/build/CMakeFiles/CMakeTmp/src.c: In function ‘__declspec’:
/home/bubo/workspace/CR-index/libdivsufsort/build/CMakeFiles/CMakeTmp/src.c:1:48: error: expected ‘=’, ‘,’, ‘;’, ‘asm’ or ‘__attribute__’ before ‘{’ token
 __declspec(dllexport) void func(); void func() { } int main() { func(); return 0; }
                                                ^
/home/bubo/workspace/CR-index/libdivsufsort/build/CMakeFiles/CMakeTmp/src.c:1:63: error: expected ‘=’, ‘,’, ‘;’, ‘asm’ or ‘__attribute__’ before ‘{’ token
 __declspec(dllexport) void func(); void func() { } int main() { func(); return 0; }
                                                               ^
/home/bubo/workspace/CR-index/libdivsufsort/build/CMakeFiles/CMakeTmp/src.c:1:28: error: declaration for parameter ‘func’ but no such parameter
 __declspec(dllexport) void func(); void func() { } int main() { func(); return 0; }
                            ^
/home/bubo/workspace/CR-index/libdivsufsort/build/CMakeFiles/CMakeTmp/src.c:1:63: error: expected ‘{’ at end of input
 __declspec(dllexport) void func(); void func() { } int main() { func(); return 0; }
                                                               ^
/home/bubo/workspace/CR-index/libdivsufsort/build/CMakeFiles/CMakeTmp/src.c:1:63: warning: control reaches end of non-void function [-Wreturn-type]
 __declspec(dllexport) void func(); void func() { } int main() { func(); return 0; }
                                                               ^
make[2]: *** [CMakeFiles/cmTryCompileExec1796481645.dir/src.c.o] Error 1
make[2]: Leaving directory `/home/bubo/workspace/CR-index/libdivsufsort/build/CMakeFiles/CMakeTmp'
make[1]: *** [cmTryCompileExec1796481645/fast] Error 2
make[1]: Leaving directory `/home/bubo/workspace/CR-index/libdivsufsort/build/CMakeFiles/CMakeTmp'

Source file was:
__declspec(dllexport) void func(); void func() { } int main() { func(); return 0; }
Performing C SOURCE FILE Test HAVE___DECLSPEC_DLLIMPORT_ failed with the following output:
Change Dir: /home/bubo/workspace/CR-index/libdivsufsort/build/CMakeFiles/CMakeTmp

Run Build Command:/usr/bin/make "cmTryCompileExec2002347776/fast"
make[1]: Entering directory `/home/bubo/workspace/CR-index/libdivsufsort/build/CMakeFiles/CMakeTmp'
/usr/bin/make -f CMakeFiles/cmTryCompileExec2002347776.dir/build.make CMakeFiles/cmTryCompileExec2002347776.dir/build
make[2]: Entering directory `/home/bubo/workspace/CR-index/libdivsufsort/build/CMakeFiles/CMakeTmp'
/usr/bin/cmake -E cmake_progress_report /home/bubo/workspace/CR-index/libdivsufsort/build/CMakeFiles/CMakeTmp/CMakeFiles 1
Building C object CMakeFiles/cmTryCompileExec2002347776.dir/src.c.o
/usr/bin/cc   -Wall -DHAVE___DECLSPEC_DLLIMPORT_   -o CMakeFiles/cmTryCompileExec2002347776.dir/src.c.o   -c /home/bubo/workspace/CR-index/libdivsufsort/build/CMakeFiles/CMakeTmp/src.c
/home/bubo/workspace/CR-index/libdivsufsort/build/CMakeFiles/CMakeTmp/src.c:1:1: warning: return type defaults to ‘int’ [-Wreturn-type]
 __declspec(dllimport) void func(); void func() { } int main() { func(); return 0; }
 ^
/home/bubo/workspace/CR-index/libdivsufsort/build/CMakeFiles/CMakeTmp/src.c: In function ‘__declspec’:
/home/bubo/workspace/CR-index/libdivsufsort/build/CMakeFiles/CMakeTmp/src.c:1:48: error: expected ‘=’, ‘,’, ‘;’, ‘asm’ or ‘__attribute__’ before ‘{’ token
 __declspec(dllimport) void func(); void func() { } int main() { func(); return 0; }
                                                ^
/home/bubo/workspace/CR-index/libdivsufsort/build/CMakeFiles/CMakeTmp/src.c:1:63: error: expected ‘=’, ‘,’, ‘;’, ‘asm’ or ‘__attribute__’ before ‘{’ token
 __declspec(dllimport) void func(); void func() { } int main() { func(); return 0; }
                                                               ^
/home/bubo/workspace/CR-index/libdivsufsort/build/CMakeFiles/CMakeTmp/src.c:1:28: error: declaration for parameter ‘func’ but no such parameter
 __declspec(dllimport) void func(); void func() { } int main() { func(); return 0; }
                            ^
/home/bubo/workspace/CR-index/libdivsufsort/build/CMakeFiles/CMakeTmp/src.c:1:63: error: expected ‘{’ at end of input
 __declspec(dllimport) void func(); void func() { } int main() { func(); return 0; }
                                                               ^
/home/bubo/workspace/CR-index/libdivsufsort/build/CMakeFiles/CMakeTmp/src.c:1:63: warning: control reaches end of non-void function [-Wreturn-type]
 __declspec(dllimport) void func(); void func() { } int main() { func(); return 0; }
                                                               ^
make[2]: *** [CMakeFiles/cmTryCompileExec2002347776.dir/src.c.o] Error 1
make[2]: Leaving directory `/home/bubo/workspace/CR-index/libdivsufsort/build/CMakeFiles/CMakeTmp'
make[1]: Leaving directory `/home/bubo/workspace/CR-index/libdivsufsort/build/CMakeFiles/CMakeTmp'
make[1]: *** [cmTryCompileExec2002347776/fast] Error 2

Source file was:
__declspec(dllimport) void func(); void func() { } int main() { func(); return 0; }
